Analysis & Elaboration report for ALU
Thu Apr 30 19:01:46 2020
Quartus Prime Version 19.1.0 Build 670 09/22/2019 SJ Lite Edition


---------------------
; Table of Contents ;
---------------------
  1. Legal Notice
  2. Analysis & Elaboration Summary
  3. Parallel Compilation
  4. Parameter Settings for User Entity Instance: ALU:DUT
  5. Parameter Settings for User Entity Instance: ALU:DUT|sum_rest:srALU
  6. Parameter Settings for User Entity Instance: ALU:DUT|and_:andALU
  7. Parameter Settings for User Entity Instance: ALU:DUT|or_:orALU
  8. Parameter Settings for User Entity Instance: ALU:DUT|xor_:xorALU
  9. Parameter Settings for User Entity Instance: ALU:DUT|not_:notALU
 10. Parameter Settings for User Entity Instance: ALU:DUT|shift_left_logical:sll
 11. Parameter Settings for User Entity Instance: ALU:DUT|shift_right_logical:srl
 12. Parameter Settings for User Entity Instance: ALU:DUT|aritm_shift_right:asr
 13. Parameter Settings for User Entity Instance: ALU:DUT|flag_Zero:flagZ
 14. Parameter Settings for User Entity Instance: ALU:DUT|flag_Negativo:flagN
 15. Parameter Settings for User Entity Instance: ALU:DUT|flag_Overflow:flagO
 16. Parameter Settings for User Entity Instance: ALU:DUT|mux_N:mux_NALU
 17. Analysis & Elaboration Settings
 18. Port Connectivity Checks: "ALU:DUT|flag_Overflow:flagO"
 19. Port Connectivity Checks: "ALU:DUT|sum_rest:srALU"
 20. Port Connectivity Checks: "ALU:DUT"
 21. Analysis & Elaboration Messages



----------------
; Legal Notice ;
----------------
Copyright (C) 2019  Intel Corporation. All rights reserved.
Your use of Intel Corporation's design tools, logic functions 
and other software and tools, and any partner logic 
functions, and any output files from any of the foregoing 
(including device programming or simulation files), and any 
associated documentation or information are expressly subject 
to the terms and conditions of the Intel Program License 
Subscription Agreement, the Intel Quartus Prime License Agreement,
the Intel FPGA IP License Agreement, or other applicable license
agreement, including, without limitation, that your use is for
the sole purpose of programming logic devices manufactured by
Intel and sold by Intel or its authorized distributors.  Please
refer to the applicable agreement for further details, at
https://fpgasoftware.intel.com/eula.



+-----------------------------------------------------------------------------+
; Analysis & Elaboration Summary                                              ;
+-------------------------------+---------------------------------------------+
; Analysis & Elaboration Status ; Successful - Thu Apr 30 19:01:46 2020       ;
; Quartus Prime Version         ; 19.1.0 Build 670 09/22/2019 SJ Lite Edition ;
; Revision Name                 ; ALU                                         ;
; Top-level Entity Name         ; testbench                                   ;
; Family                        ; Cyclone V                                   ;
; Logic utilization (in ALMs)   ; N/A until Partition Merge                   ;
; Total registers               ; N/A until Partition Merge                   ;
; Total pins                    ; N/A until Partition Merge                   ;
; Total virtual pins            ; N/A until Partition Merge                   ;
; Total block memory bits       ; N/A until Partition Merge                   ;
; Total PLLs                    ; N/A until Partition Merge                   ;
; Total DLLs                    ; N/A until Partition Merge                   ;
+-------------------------------+---------------------------------------------+


+------------------------------------------+
; Parallel Compilation                     ;
+----------------------------+-------------+
; Processors                 ; Number      ;
+----------------------------+-------------+
; Number detected on machine ; 8           ;
; Maximum allowed            ; 4           ;
;                            ;             ;
; Average used               ; 1.00        ;
; Maximum used               ; 1           ;
;                            ;             ;
; Usage by Processor         ; % Time Used ;
;     Processor 1            ; 100.0%      ;
+----------------------------+-------------+


+------------------------------------------------------+
; Parameter Settings for User Entity Instance: ALU:DUT ;
+----------------+-------+-----------------------------+
; Parameter Name ; Value ; Type                        ;
+----------------+-------+-----------------------------+
; size           ; 4     ; Signed Integer              ;
+----------------+-------+-----------------------------+
Note: In order to hide this table in the UI and the text report file, please set the "Show Parameter Settings in Synthesis Report" option in "Analysis and Synthesis Settings -> More Settings" to "Off".


+---------------------------------------------------------------------+
; Parameter Settings for User Entity Instance: ALU:DUT|sum_rest:srALU ;
+----------------+-------+--------------------------------------------+
; Parameter Name ; Value ; Type                                       ;
+----------------+-------+--------------------------------------------+
; size           ; 4     ; Signed Integer                             ;
+----------------+-------+--------------------------------------------+
Note: In order to hide this table in the UI and the text report file, please set the "Show Parameter Settings in Synthesis Report" option in "Analysis and Synthesis Settings -> More Settings" to "Off".


+------------------------------------------------------------------+
; Parameter Settings for User Entity Instance: ALU:DUT|and_:andALU ;
+----------------+-------+-----------------------------------------+
; Parameter Name ; Value ; Type                                    ;
+----------------+-------+-----------------------------------------+
; size           ; 4     ; Signed Integer                          ;
+----------------+-------+-----------------------------------------+
Note: In order to hide this table in the UI and the text report file, please set the "Show Parameter Settings in Synthesis Report" option in "Analysis and Synthesis Settings -> More Settings" to "Off".


+----------------------------------------------------------------+
; Parameter Settings for User Entity Instance: ALU:DUT|or_:orALU ;
+----------------+-------+---------------------------------------+
; Parameter Name ; Value ; Type                                  ;
+----------------+-------+---------------------------------------+
; size           ; 4     ; Signed Integer                        ;
+----------------+-------+---------------------------------------+
Note: In order to hide this table in the UI and the text report file, please set the "Show Parameter Settings in Synthesis Report" option in "Analysis and Synthesis Settings -> More Settings" to "Off".


+------------------------------------------------------------------+
; Parameter Settings for User Entity Instance: ALU:DUT|xor_:xorALU ;
+----------------+-------+-----------------------------------------+
; Parameter Name ; Value ; Type                                    ;
+----------------+-------+-----------------------------------------+
; size           ; 4     ; Signed Integer                          ;
+----------------+-------+-----------------------------------------+
Note: In order to hide this table in the UI and the text report file, please set the "Show Parameter Settings in Synthesis Report" option in "Analysis and Synthesis Settings -> More Settings" to "Off".


+------------------------------------------------------------------+
; Parameter Settings for User Entity Instance: ALU:DUT|not_:notALU ;
+----------------+-------+-----------------------------------------+
; Parameter Name ; Value ; Type                                    ;
+----------------+-------+-----------------------------------------+
; size           ; 4     ; Signed Integer                          ;
+----------------+-------+-----------------------------------------+
Note: In order to hide this table in the UI and the text report file, please set the "Show Parameter Settings in Synthesis Report" option in "Analysis and Synthesis Settings -> More Settings" to "Off".


+-----------------------------------------------------------------------------+
; Parameter Settings for User Entity Instance: ALU:DUT|shift_left_logical:sll ;
+----------------+-------+----------------------------------------------------+
; Parameter Name ; Value ; Type                                               ;
+----------------+-------+----------------------------------------------------+
; size           ; 4     ; Signed Integer                                     ;
+----------------+-------+----------------------------------------------------+
Note: In order to hide this table in the UI and the text report file, please set the "Show Parameter Settings in Synthesis Report" option in "Analysis and Synthesis Settings -> More Settings" to "Off".


+------------------------------------------------------------------------------+
; Parameter Settings for User Entity Instance: ALU:DUT|shift_right_logical:srl ;
+----------------+-------+-----------------------------------------------------+
; Parameter Name ; Value ; Type                                                ;
+----------------+-------+-----------------------------------------------------+
; size           ; 4     ; Signed Integer                                      ;
+----------------+-------+-----------------------------------------------------+
Note: In order to hide this table in the UI and the text report file, please set the "Show Parameter Settings in Synthesis Report" option in "Analysis and Synthesis Settings -> More Settings" to "Off".


+----------------------------------------------------------------------------+
; Parameter Settings for User Entity Instance: ALU:DUT|aritm_shift_right:asr ;
+----------------+-------+---------------------------------------------------+
; Parameter Name ; Value ; Type                                              ;
+----------------+-------+---------------------------------------------------+
; size           ; 4     ; Signed Integer                                    ;
+----------------+-------+---------------------------------------------------+
Note: In order to hide this table in the UI and the text report file, please set the "Show Parameter Settings in Synthesis Report" option in "Analysis and Synthesis Settings -> More Settings" to "Off".


+----------------------------------------------------------------------+
; Parameter Settings for User Entity Instance: ALU:DUT|flag_Zero:flagZ ;
+----------------+-------+---------------------------------------------+
; Parameter Name ; Value ; Type                                        ;
+----------------+-------+---------------------------------------------+
; size           ; 4     ; Signed Integer                              ;
+----------------+-------+---------------------------------------------+
Note: In order to hide this table in the UI and the text report file, please set the "Show Parameter Settings in Synthesis Report" option in "Analysis and Synthesis Settings -> More Settings" to "Off".


+--------------------------------------------------------------------------+
; Parameter Settings for User Entity Instance: ALU:DUT|flag_Negativo:flagN ;
+----------------+-------+-------------------------------------------------+
; Parameter Name ; Value ; Type                                            ;
+----------------+-------+-------------------------------------------------+
; size           ; 4     ; Signed Integer                                  ;
+----------------+-------+-------------------------------------------------+
Note: In order to hide this table in the UI and the text report file, please set the "Show Parameter Settings in Synthesis Report" option in "Analysis and Synthesis Settings -> More Settings" to "Off".


+--------------------------------------------------------------------------+
; Parameter Settings for User Entity Instance: ALU:DUT|flag_Overflow:flagO ;
+----------------+-------+-------------------------------------------------+
; Parameter Name ; Value ; Type                                            ;
+----------------+-------+-------------------------------------------------+
; size           ; 4     ; Signed Integer                                  ;
+----------------+-------+-------------------------------------------------+
Note: In order to hide this table in the UI and the text report file, please set the "Show Parameter Settings in Synthesis Report" option in "Analysis and Synthesis Settings -> More Settings" to "Off".


+---------------------------------------------------------------------+
; Parameter Settings for User Entity Instance: ALU:DUT|mux_N:mux_NALU ;
+----------------+-------+--------------------------------------------+
; Parameter Name ; Value ; Type                                       ;
+----------------+-------+--------------------------------------------+
; size           ; 4     ; Signed Integer                             ;
+----------------+-------+--------------------------------------------+
Note: In order to hide this table in the UI and the text report file, please set the "Show Parameter Settings in Synthesis Report" option in "Analysis and Synthesis Settings -> More Settings" to "Off".


+---------------------------------------------------------------------------------------------------------------------------+
; Analysis & Elaboration Settings                                                                                           ;
+---------------------------------------------------------------------------------+--------------------+--------------------+
; Option                                                                          ; Setting            ; Default Value      ;
+---------------------------------------------------------------------------------+--------------------+--------------------+
; Device                                                                          ; 5CSEMA5F31C6       ;                    ;
; Top-level entity name                                                           ; testbench          ; ALU                ;
; Family name                                                                     ; Cyclone V          ; Cyclone V          ;
; Use smart compilation                                                           ; Off                ; Off                ;
; Enable parallel Assembler and Timing Analyzer during compilation                ; On                 ; On                 ;
; Enable compact report table                                                     ; Off                ; Off                ;
; Restructure Multiplexers                                                        ; Auto               ; Auto               ;
; MLAB Add Timing Constraints For Mixed-Port Feed-Through Mode Setting Don't Care ; Off                ; Off                ;
; Create Debugging Nodes for IP Cores                                             ; Off                ; Off                ;
; Preserve fewer node names                                                       ; On                 ; On                 ;
; Intel FPGA IP Evaluation Mode                                                   ; Enable             ; Enable             ;
; Verilog Version                                                                 ; Verilog_2001       ; Verilog_2001       ;
; VHDL Version                                                                    ; VHDL_1993          ; VHDL_1993          ;
; State Machine Processing                                                        ; Auto               ; Auto               ;
; Safe State Machine                                                              ; Off                ; Off                ;
; Extract Verilog State Machines                                                  ; On                 ; On                 ;
; Extract VHDL State Machines                                                     ; On                 ; On                 ;
; Ignore Verilog initial constructs                                               ; Off                ; Off                ;
; Iteration limit for constant Verilog loops                                      ; 5000               ; 5000               ;
; Iteration limit for non-constant Verilog loops                                  ; 250                ; 250                ;
; Add Pass-Through Logic to Inferred RAMs                                         ; On                 ; On                 ;
; Infer RAMs from Raw Logic                                                       ; On                 ; On                 ;
; Parallel Synthesis                                                              ; On                 ; On                 ;
; DSP Block Balancing                                                             ; Auto               ; Auto               ;
; NOT Gate Push-Back                                                              ; On                 ; On                 ;
; Power-Up Don't Care                                                             ; On                 ; On                 ;
; Remove Redundant Logic Cells                                                    ; Off                ; Off                ;
; Remove Duplicate Registers                                                      ; On                 ; On                 ;
; Ignore CARRY Buffers                                                            ; Off                ; Off                ;
; Ignore CASCADE Buffers                                                          ; Off                ; Off                ;
; Ignore GLOBAL Buffers                                                           ; Off                ; Off                ;
; Ignore ROW GLOBAL Buffers                                                       ; Off                ; Off                ;
; Ignore LCELL Buffers                                                            ; Off                ; Off                ;
; Ignore SOFT Buffers                                                             ; On                 ; On                 ;
; Limit AHDL Integers to 32 Bits                                                  ; Off                ; Off                ;
; Optimization Technique                                                          ; Balanced           ; Balanced           ;
; Carry Chain Length                                                              ; 70                 ; 70                 ;
; Auto Carry Chains                                                               ; On                 ; On                 ;
; Auto Open-Drain Pins                                                            ; On                 ; On                 ;
; Perform WYSIWYG Primitive Resynthesis                                           ; Off                ; Off                ;
; Auto ROM Replacement                                                            ; On                 ; On                 ;
; Auto RAM Replacement                                                            ; On                 ; On                 ;
; Auto DSP Block Replacement                                                      ; On                 ; On                 ;
; Auto Shift Register Replacement                                                 ; Auto               ; Auto               ;
; Allow Shift Register Merging across Hierarchies                                 ; Auto               ; Auto               ;
; Auto Clock Enable Replacement                                                   ; On                 ; On                 ;
; Strict RAM Replacement                                                          ; Off                ; Off                ;
; Allow Synchronous Control Signals                                               ; On                 ; On                 ;
; Force Use of Synchronous Clear Signals                                          ; Off                ; Off                ;
; Auto Resource Sharing                                                           ; Off                ; Off                ;
; Allow Any RAM Size For Recognition                                              ; Off                ; Off                ;
; Allow Any ROM Size For Recognition                                              ; Off                ; Off                ;
; Allow Any Shift Register Size For Recognition                                   ; Off                ; Off                ;
; Use LogicLock Constraints during Resource Balancing                             ; On                 ; On                 ;
; Ignore translate_off and synthesis_off directives                               ; Off                ; Off                ;
; Timing-Driven Synthesis                                                         ; On                 ; On                 ;
; Report Parameter Settings                                                       ; On                 ; On                 ;
; Report Source Assignments                                                       ; On                 ; On                 ;
; Report Connectivity Checks                                                      ; On                 ; On                 ;
; Ignore Maximum Fan-Out Assignments                                              ; Off                ; Off                ;
; Synchronization Register Chain Length                                           ; 3                  ; 3                  ;
; Power Optimization During Synthesis                                             ; Normal compilation ; Normal compilation ;
; HDL message level                                                               ; Level2             ; Level2             ;
; Suppress Register Optimization Related Messages                                 ; Off                ; Off                ;
; Number of Removed Registers Reported in Synthesis Report                        ; 5000               ; 5000               ;
; Number of Swept Nodes Reported in Synthesis Report                              ; 5000               ; 5000               ;
; Number of Inverted Registers Reported in Synthesis Report                       ; 100                ; 100                ;
; Clock MUX Protection                                                            ; On                 ; On                 ;
; Auto Gated Clock Conversion                                                     ; Off                ; Off                ;
; Block Design Naming                                                             ; Auto               ; Auto               ;
; SDC constraint protection                                                       ; Off                ; Off                ;
; Synthesis Effort                                                                ; Auto               ; Auto               ;
; Shift Register Replacement - Allow Asynchronous Clear Signal                    ; On                 ; On                 ;
; Pre-Mapping Resynthesis Optimization                                            ; Off                ; Off                ;
; Analysis & Synthesis Message Level                                              ; Medium             ; Medium             ;
; Disable Register Merging Across Hierarchies                                     ; Auto               ; Auto               ;
; Resource Aware Inference For Block RAM                                          ; On                 ; On                 ;
; Automatic Parallel Synthesis                                                    ; On                 ; On                 ;
; Partial Reconfiguration Bitstream ID                                            ; Off                ; Off                ;
+---------------------------------------------------------------------------------+--------------------+--------------------+


+-----------------------------------------------------------------------------------------------------------------------------------------------------------------------------------------------------------------+
; Port Connectivity Checks: "ALU:DUT|flag_Overflow:flagO"                                                                                                                                                         ;
+-----------+-------+----------+----------------------------------------------------------------------------------------------------------------------------------------------------------------------------------+
; Port      ; Type  ; Severity ; Details                                                                                                                                                                          ;
+-----------+-------+----------+----------------------------------------------------------------------------------------------------------------------------------------------------------------------------------+
; ALUSelect ; Input ; Warning  ; Input port expression (4 bits) is wider than the input port (1 bits) it drives.  The 3 most-significant bit(s) in the expression will be dangling if they have no other fanouts. ;
+-----------+-------+----------+----------------------------------------------------------------------------------------------------------------------------------------------------------------------------------+


+-----------------------------------------------------------------------------------------------------------------------------------------------------------------------------------------------------------------+
; Port Connectivity Checks: "ALU:DUT|sum_rest:srALU"                                                                                                                                                              ;
+-----------+-------+----------+----------------------------------------------------------------------------------------------------------------------------------------------------------------------------------+
; Port      ; Type  ; Severity ; Details                                                                                                                                                                          ;
+-----------+-------+----------+----------------------------------------------------------------------------------------------------------------------------------------------------------------------------------+
; ALUSelect ; Input ; Warning  ; Input port expression (4 bits) is wider than the input port (1 bits) it drives.  The 3 most-significant bit(s) in the expression will be dangling if they have no other fanouts. ;
+-----------+-------+----------+----------------------------------------------------------------------------------------------------------------------------------------------------------------------------------+


+-------------------------------------------------------------------------------------------------------------------+
; Port Connectivity Checks: "ALU:DUT"                                                                               ;
+---------+--------+----------+-------------------------------------------------------------------------------------+
; Port    ; Type   ; Severity ; Details                                                                             ;
+---------+--------+----------+-------------------------------------------------------------------------------------+
; outALU  ; Output ; Info     ; Connected to dangling logic. Logic that only feeds a dangling port will be removed. ;
; outFlag ; Output ; Info     ; Connected to dangling logic. Logic that only feeds a dangling port will be removed. ;
+---------+--------+----------+-------------------------------------------------------------------------------------+


+---------------------------------+
; Analysis & Elaboration Messages ;
+---------------------------------+
Info: *******************************************************************
Info: Running Quartus Prime Analysis & Elaboration
    Info: Version 19.1.0 Build 670 09/22/2019 SJ Lite Edition
    Info: Processing started: Thu Apr 30 19:01:33 2020
Info: Command: quartus_map --read_settings_files=on --write_settings_files=off ALU -c ALU --analysis_and_elaboration
Warning (18236): Number of processors has not been specified which may cause overloading on shared machines.  Set the global assignment NUM_PARALLEL_PROCESSORS in your QSF to an appropriate value for best performance.
Info (20030): Parallel compilation is enabled and will use 4 of the 4 processors detected
Info (12021): Found 1 design units, including 1 entities, in source file and_.sv
    Info (12023): Found entity 1: and_ File: D:/leahyvasquez/Documents/ISEM2020/TallerDisenoLogico/Laboratorio3/GitHub/TallerLogico-Lab3/Problema1/and_.sv Line: 1
Info (12021): Found 1 design units, including 1 entities, in source file or_.sv
    Info (12023): Found entity 1: or_ File: D:/leahyvasquez/Documents/ISEM2020/TallerDisenoLogico/Laboratorio3/GitHub/TallerLogico-Lab3/Problema1/or_.sv Line: 1
Info (12021): Found 1 design units, including 1 entities, in source file xor_.sv
    Info (12023): Found entity 1: xor_ File: D:/leahyvasquez/Documents/ISEM2020/TallerDisenoLogico/Laboratorio3/GitHub/TallerLogico-Lab3/Problema1/xor_.sv Line: 1
Info (12021): Found 1 design units, including 1 entities, in source file not_.sv
    Info (12023): Found entity 1: not_ File: D:/leahyvasquez/Documents/ISEM2020/TallerDisenoLogico/Laboratorio3/GitHub/TallerLogico-Lab3/Problema1/not_.sv Line: 1
Info (12021): Found 1 design units, including 1 entities, in source file testbench.sv
    Info (12023): Found entity 1: testbench File: D:/leahyvasquez/Documents/ISEM2020/TallerDisenoLogico/Laboratorio3/GitHub/TallerLogico-Lab3/Problema1/testbench.sv Line: 1
Info (12021): Found 1 design units, including 1 entities, in source file mux_n.sv
    Info (12023): Found entity 1: mux_N File: D:/leahyvasquez/Documents/ISEM2020/TallerDisenoLogico/Laboratorio3/GitHub/TallerLogico-Lab3/Problema1/mux_N.sv Line: 1
Info (12021): Found 1 design units, including 1 entities, in source file shift_left_logical.sv
    Info (12023): Found entity 1: shift_left_logical File: D:/leahyvasquez/Documents/ISEM2020/TallerDisenoLogico/Laboratorio3/GitHub/TallerLogico-Lab3/Problema1/shift_left_logical.sv Line: 1
Info (12021): Found 1 design units, including 1 entities, in source file shift_right_logical.sv
    Info (12023): Found entity 1: shift_right_logical File: D:/leahyvasquez/Documents/ISEM2020/TallerDisenoLogico/Laboratorio3/GitHub/TallerLogico-Lab3/Problema1/shift_right_logical.sv Line: 1
Info (12021): Found 1 design units, including 1 entities, in source file alu.sv
    Info (12023): Found entity 1: ALU File: D:/leahyvasquez/Documents/ISEM2020/TallerDisenoLogico/Laboratorio3/GitHub/TallerLogico-Lab3/Problema1/ALU.sv Line: 1
Info (12021): Found 1 design units, including 1 entities, in source file aritm_shift_right.sv
    Info (12023): Found entity 1: aritm_shift_right File: D:/leahyvasquez/Documents/ISEM2020/TallerDisenoLogico/Laboratorio3/GitHub/TallerLogico-Lab3/Problema1/aritm_shift_right.sv Line: 1
Info (12021): Found 1 design units, including 1 entities, in source file flag_negativo.sv
    Info (12023): Found entity 1: flag_Negativo File: D:/leahyvasquez/Documents/ISEM2020/TallerDisenoLogico/Laboratorio3/GitHub/TallerLogico-Lab3/Problema1/flag_Negativo.sv Line: 1
Info (12021): Found 1 design units, including 1 entities, in source file flag_zero.sv
    Info (12023): Found entity 1: flag_Zero File: D:/leahyvasquez/Documents/ISEM2020/TallerDisenoLogico/Laboratorio3/GitHub/TallerLogico-Lab3/Problema1/flag_Zero.sv Line: 1
Info (12021): Found 1 design units, including 1 entities, in source file sum_rest.sv
    Info (12023): Found entity 1: sum_rest File: D:/leahyvasquez/Documents/ISEM2020/TallerDisenoLogico/Laboratorio3/GitHub/TallerLogico-Lab3/Problema1/sum_rest.sv Line: 1
Info (12021): Found 1 design units, including 1 entities, in source file flag_overflow.sv
    Info (12023): Found entity 1: flag_Overflow File: D:/leahyvasquez/Documents/ISEM2020/TallerDisenoLogico/Laboratorio3/GitHub/TallerLogico-Lab3/Problema1/flag_Overflow.sv Line: 1
Warning (10236): Verilog HDL Implicit Net warning at flag_Overflow.sv(18): created implicit net for "signOpuesto" File: D:/leahyvasquez/Documents/ISEM2020/TallerDisenoLogico/Laboratorio3/GitHub/TallerLogico-Lab3/Problema1/flag_Overflow.sv Line: 18
Info (12127): Elaborating entity "testbench" for the top level hierarchy
Info (12128): Elaborating entity "ALU" for hierarchy "ALU:DUT" File: D:/leahyvasquez/Documents/ISEM2020/TallerDisenoLogico/Laboratorio3/GitHub/TallerLogico-Lab3/Problema1/testbench.sv Line: 6
Info (12128): Elaborating entity "sum_rest" for hierarchy "ALU:DUT|sum_rest:srALU" File: D:/leahyvasquez/Documents/ISEM2020/TallerDisenoLogico/Laboratorio3/GitHub/TallerLogico-Lab3/Problema1/ALU.sv Line: 9
Info (12128): Elaborating entity "and_" for hierarchy "ALU:DUT|and_:andALU" File: D:/leahyvasquez/Documents/ISEM2020/TallerDisenoLogico/Laboratorio3/GitHub/TallerLogico-Lab3/Problema1/ALU.sv Line: 10
Info (12128): Elaborating entity "or_" for hierarchy "ALU:DUT|or_:orALU" File: D:/leahyvasquez/Documents/ISEM2020/TallerDisenoLogico/Laboratorio3/GitHub/TallerLogico-Lab3/Problema1/ALU.sv Line: 11
Info (12128): Elaborating entity "xor_" for hierarchy "ALU:DUT|xor_:xorALU" File: D:/leahyvasquez/Documents/ISEM2020/TallerDisenoLogico/Laboratorio3/GitHub/TallerLogico-Lab3/Problema1/ALU.sv Line: 12
Info (12128): Elaborating entity "not_" for hierarchy "ALU:DUT|not_:notALU" File: D:/leahyvasquez/Documents/ISEM2020/TallerDisenoLogico/Laboratorio3/GitHub/TallerLogico-Lab3/Problema1/ALU.sv Line: 13
Info (12128): Elaborating entity "shift_left_logical" for hierarchy "ALU:DUT|shift_left_logical:sll" File: D:/leahyvasquez/Documents/ISEM2020/TallerDisenoLogico/Laboratorio3/GitHub/TallerLogico-Lab3/Problema1/ALU.sv Line: 15
Info (12128): Elaborating entity "shift_right_logical" for hierarchy "ALU:DUT|shift_right_logical:srl" File: D:/leahyvasquez/Documents/ISEM2020/TallerDisenoLogico/Laboratorio3/GitHub/TallerLogico-Lab3/Problema1/ALU.sv Line: 16
Info (12128): Elaborating entity "aritm_shift_right" for hierarchy "ALU:DUT|aritm_shift_right:asr" File: D:/leahyvasquez/Documents/ISEM2020/TallerDisenoLogico/Laboratorio3/GitHub/TallerLogico-Lab3/Problema1/ALU.sv Line: 17
Warning (10764): Verilog HDL warning at aritm_shift_right.sv(5): converting signed shift amount to unsigned File: D:/leahyvasquez/Documents/ISEM2020/TallerDisenoLogico/Laboratorio3/GitHub/TallerLogico-Lab3/Problema1/aritm_shift_right.sv Line: 5
Info (12128): Elaborating entity "flag_Zero" for hierarchy "ALU:DUT|flag_Zero:flagZ" File: D:/leahyvasquez/Documents/ISEM2020/TallerDisenoLogico/Laboratorio3/GitHub/TallerLogico-Lab3/Problema1/ALU.sv Line: 21
Info (12128): Elaborating entity "flag_Negativo" for hierarchy "ALU:DUT|flag_Negativo:flagN" File: D:/leahyvasquez/Documents/ISEM2020/TallerDisenoLogico/Laboratorio3/GitHub/TallerLogico-Lab3/Problema1/ALU.sv Line: 22
Info (12128): Elaborating entity "flag_Overflow" for hierarchy "ALU:DUT|flag_Overflow:flagO" File: D:/leahyvasquez/Documents/ISEM2020/TallerDisenoLogico/Laboratorio3/GitHub/TallerLogico-Lab3/Problema1/ALU.sv Line: 23
Info (12128): Elaborating entity "mux_N" for hierarchy "ALU:DUT|mux_N:mux_NALU" File: D:/leahyvasquez/Documents/ISEM2020/TallerDisenoLogico/Laboratorio3/GitHub/TallerLogico-Lab3/Problema1/ALU.sv Line: 39
Warning (12241): 2 hierarchies have connectivity warnings - see the Connectivity Checks report folder
Info: Quartus Prime Analysis & Elaboration was successful. 0 errors, 4 warnings
    Info: Peak virtual memory: 4788 megabytes
    Info: Processing ended: Thu Apr 30 19:01:46 2020
    Info: Elapsed time: 00:00:13
    Info: Total CPU time (on all processors): 00:00:31


